<<<<<<< HEAD
[2023-06-04 17:43:27] USER: Klei Jahaj INSERTED: ITEM NAME: klei WITH QUANTITY: 213 IN THE WAREHOUSE: Class 1
[2023-06-04 16:42:17] USER: Angjelos Goga UPDATED ITEM TEST UPDATED QUANTITY FROM: 23461 TO 23467
[2023-06-04 16:40:40] USER: Klei Jahaj UPDATED ITEM TEST UPDATED QUANTITY FROM: 23456 TO 23461
[2023-06-04 16:39:44] USER: Klei Jahaj INSERTED: ITEM NAME: TEST12 WITH QUANTITY: 23456 IN THE WAREHOUSE: Class 1
[2023-06-04 16:39:41] USER: Klei Jahaj INSERTED: ITEM NAME: TEST1 WITH QUANTITY: 23456 IN THE WAREHOUSE: Class 1
[2023-06-04 16:39:37] USER: Klei Jahaj INSERTED: ITEM NAME: TEST WITH QUANTITY: 23456 IN THE WAREHOUSE: Class 1
=======
[2023-06-04 16:43:52] USER: Klei Jahaj DELETED ITEM 
[2023-06-04 16:43:51] USER: Klei Jahaj DELETED ITEM 
[2023-06-04 16:43:02] USER: Klei Jahaj UPDATED ITEM aasassfdfds UPDATED QUANTITY FROM: 11 TO 21
[2023-06-04 16:41:35] USER: Angjelos Goga UPDATED ITEM aasa UPDATED QUANTITY FROM: 11 TO 13
>>>>>>> f43d185556ee0b9f6ae970093e082a481cca2d97
[2023-06-04 16:37:55] USER: Klei Jahaj DELETED ITEM printera
[2023-06-04 16:37:39]USER: Klei Jahaj DELETED ITEM pc
[23-06-04 16:37:23]USER: Klei Jahaj DELETED ITEM monitora
[2023-06-04 16:37:04] USER: Klei Jahaj INSERTED: ITEM NAME: printera WITH QUANTITY: 10 IN THE WAREHOUSE: Class 1
[2023-06-04 16:36:56] USER: Klei Jahaj INSERTED: ITEM NAME: pc WITH QUANTITY: 10 IN THE WAREHOUSE: Class 1
[2023-06-04 16:36:52] USER: Klei Jahaj INSERTED: ITEM NAME: monitora WITH QUANTITY: 10 IN THE WAREHOUSE: Class 1
[2023-06-04 16:33:03] USER: Klei Jahaj INSERTED: ITEM NAME: Karrige22222 WITH QUANTITY: 1 IN THE WAREHOUSE: Class 1
[2023-06-04 16:32:59] USER: Klei Jahaj INSERTED: ITEM NAME: Karrige22 WITH QUANTITY: 1 IN THE WAREHOUSE: Class 1
[2023-06-04 16:32:55] USER: Klei Jahaj INSERTED: ITEM NAME: Karrige WITH QUANTITY: 1 IN THE WAREHOUSE: Class 1
